<?xml version="1.0" encoding="UTF-8"?>
<coverage generated="1657042689229" clover="3.2.0">
  <project timestamp="1657042689229" name="All files">
    <metrics statements="50" coveredstatements="40" conditionals="26" coveredconditionals="20" methods="13" coveredmethods="9" elements="89" coveredelements="69" complexity="0" loc="50" ncloc="50" packages="4" files="8" classes="8"/>
    <package name="AppTabNews">
      <metrics statements="5" coveredstatements="5" conditionals="0" coveredconditionals="0" methods="3" coveredmethods="3"/>
      <file name="App.tsx" path="D:\projetos\AppTabNews\App.tsx">
        <metrics statements="3" coveredstatements="3" conditionals="0" coveredconditionals="0" methods="2" coveredmethods="2"/>
        <line num="8" count="1" type="stmt"/>
        <line num="11" count="1" type="stmt"/>
        <line num="15" count="1" type="stmt"/>
      </file>
      <file name="LogoTitle.tsx" path="D:\projetos\AppTabNews\LogoTitle.tsx">
        <metrics statements="2" coveredstatements="2" conditionals="0" coveredconditionals="0" methods="1" coveredmethods="1"/>
        <line num="4" count="1" type="stmt"/>
        <line num="14" count="1" type="stmt"/>
      </file>
    </package>
    <package name="AppTabNews.assets">
      <metrics statements="1" coveredstatements="1" conditionals="0" coveredconditionals="0" methods="0" coveredmethods="0"/>
      <file name="logoHeader.png" path="D:\projetos\AppTabNews\assets\logoHeader.png">
        <metrics statements="1" coveredstatements="1" conditionals="0" coveredconditionals="0" methods="0" coveredmethods="0"/>
        <line num="1" count="1" type="stmt"/>
      </file>
    </package>
    <package name="AppTabNews.src.home">
      <metrics statements="38" coveredstatements="28" conditionals="24" coveredconditionals="19" methods="8" coveredmethods="4"/>
      <file name="Home.tsx" path="D:\projetos\AppTabNews\src\home\Home.tsx">
        <metrics statements="18" coveredstatements="8" conditionals="4" coveredconditionals="1" methods="5" coveredmethods="1"/>
        <line num="9" count="2" type="stmt"/>
        <line num="11" count="2" type="stmt"/>
        <line num="12" count="2" type="stmt"/>
        <line num="13" count="2" type="stmt"/>
        <line num="15" count="2" type="stmt"/>
        <line num="16" count="0" type="stmt"/>
        <line num="20" count="0" type="stmt"/>
        <line num="22" count="0" type="cond" truecount="0" falsecount="2"/>
        <line num="23" count="0" type="stmt"/>
        <line num="25" count="0" type="stmt"/>
        <line num="27" count="0" type="stmt"/>
        <line num="28" count="0" type="stmt"/>
        <line num="31" count="2" type="cond" truecount="1" falsecount="1"/>
        <line num="32" count="2" type="stmt"/>
        <line num="38" count="0" type="stmt"/>
        <line num="42" count="0" type="stmt"/>
        <line num="43" count="0" type="stmt"/>
        <line num="52" count="2" type="stmt"/>
      </file>
      <file name="HomeService.js" path="D:\projetos\AppTabNews\src\home\HomeService.js">
        <metrics statements="5" coveredstatements="5" conditionals="1" coveredconditionals="1" methods="2" coveredmethods="2"/>
        <line num="6" count="4" type="stmt"/>
        <line num="8" count="4" type="stmt"/>
        <line num="15" count="4" type="stmt"/>
        <line num="16" count="8" type="stmt"/>
        <line num="26" count="4" type="stmt"/>
      </file>
      <file name="publishedAt.js" path="D:\projetos\AppTabNews\src\home\publishedAt.js">
        <metrics statements="15" coveredstatements="15" conditionals="19" coveredconditionals="17" methods="1" coveredmethods="1"/>
        <line num="2" count="15" type="cond" truecount="2" falsecount="0"/>
        <line num="4" count="14" type="cond" truecount="4" falsecount="0"/>
        <line num="5" count="1" type="stmt"/>
        <line num="8" count="13" type="stmt"/>
        <line num="15" count="13" type="stmt"/>
        <line num="23" count="13" type="stmt"/>
        <line num="25" count="13" type="cond" truecount="2" falsecount="0"/>
        <line num="26" count="1" type="stmt"/>
        <line num="29" count="12" type="cond" truecount="2" falsecount="0"/>
        <line num="30" count="2" type="cond" truecount="1" falsecount="1"/>
        <line num="32" count="10" type="cond" truecount="2" falsecount="0"/>
        <line num="33" count="1" type="stmt"/>
        <line num="34" count="1" type="cond" truecount="1" falsecount="1"/>
        <line num="37" count="9" type="stmt"/>
        <line num="39" count="9" type="cond" truecount="2" falsecount="0"/>
      </file>
    </package>
    <package name="AppTabNews.src.home.components">
      <metrics statements="6" coveredstatements="6" conditionals="2" coveredconditionals="1" methods="2" coveredmethods="2"/>
      <file name="Footer.tsx" path="D:\projetos\AppTabNews\src\home\components\Footer.tsx">
        <metrics statements="3" coveredstatements="3" conditionals="2" coveredconditionals="1" methods="1" coveredmethods="1"/>
        <line num="5" count="1" type="cond" truecount="1" falsecount="1"/>
        <line num="6" count="1" type="stmt"/>
        <line num="14" count="3" type="stmt"/>
      </file>
      <file name="LinkPost.tsx" path="D:\projetos\AppTabNews\src\home\components\LinkPost.tsx">
        <metrics statements="3" coveredstatements="3" conditionals="0" coveredconditionals="0" methods="1" coveredmethods="1"/>
        <line num="5" count="1" type="stmt"/>
        <line num="7" count="1" type="stmt"/>
        <line num="22" count="3" type="stmt"/>
      </file>
    </package>
  </project>
</coverage>
