{"D:\\projetos\\AppTabNews\\App.tsx": {"path":"D:\\projetos\\AppTabNews\\App.tsx","statementMap":{"0":{"start":{"line":8,"column":14},"end":{"line":8,"column":42}},"1":{"start":{"line":11,"column":2},"end":{"line":26,"column":4}},"2":{"start":{"line":15,"column":27},"end":{"line":15,"column":39}}},"fnMap":{"0":{"name":"App","decl":{"start":{"line":10,"column":24},"end":{"line":10,"column":27}},"loc":{"start":{"line":10,"column":30},"end":{"line":27,"column":1}},"line":10},"1":{"name":"(anonymous_1)","decl":{"start":{"line":15,"column":21},"end":{"line":15,"column":22}},"loc":{"start":{"line":15,"column":27},"end":{"line":15,"column":39}},"line":15}},"branchMap":{},"s":{"0":1,"1":1,"2":1},"f":{"0":1,"1":1},"b":{},"_coverageSchema":"1a1c01bbd47fc00a2c39e90264f33305004495a9","hash":"623024e6716da66407c0715b738583647ea679cc"}
,"D:\\projetos\\AppTabNews\\LogoTitle.tsx": {"path":"D:\\projetos\\AppTabNews\\LogoTitle.tsx","statementMap":{"0":{"start":{"line":4,"column":2},"end":{"line":11,"column":4}},"1":{"start":{"line":14,"column":22},"end":{"line":25,"column":2}}},"fnMap":{"0":{"name":"LogoTitle","decl":{"start":{"line":3,"column":16},"end":{"line":3,"column":25}},"loc":{"start":{"line":3,"column":28},"end":{"line":12,"column":1}},"line":3}},"branchMap":{},"s":{"0":1,"1":1},"f":{"0":1},"b":{},"_coverageSchema":"1a1c01bbd47fc00a2c39e90264f33305004495a9","hash":"7dc08dea5787d7ec408cbcaef379cc0982f7097c"}
,"D:\\projetos\\AppTabNews\\assets\\logoHeader.png": {"path":"D:\\projetos\\AppTabNews\\assets\\logoHeader.png","statementMap":{"0":{"start":{"line":1,"column":0},"end":{"line":1,"column":19}}},"fnMap":{},"branchMap":{},"s":{"0":1},"f":{},"b":{},"inputSourceMap":null,"_coverageSchema":"1a1c01bbd47fc00a2c39e90264f33305004495a9","hash":"028ac9328835920de4befafe55920bd3ab5cc737"}
,"D:\\projetos\\AppTabNews\\src\\home\\Home.tsx": {"path":"D:\\projetos\\AppTabNews\\src\\home\\Home.tsx","statementMap":{"0":{"start":{"line":9,"column":22},"end":{"line":9,"column":39}},"1":{"start":{"line":11,"column":30},"end":{"line":11,"column":47}},"2":{"start":{"line":12,"column":28},"end":{"line":12,"column":39}},"3":{"start":{"line":13,"column":36},"end":{"line":13,"column":55}},"4":{"start":{"line":15,"column":4},"end":{"line":17,"column":10}},"5":{"start":{"line":16,"column":8},"end":{"line":16,"column":23}},"6":{"start":{"line":20,"column":24},"end":{"line":20,"column":68}},"7":{"start":{"line":22,"column":8},"end":{"line":26,"column":9}},"8":{"start":{"line":23,"column":12},"end":{"line":23,"column":46}},"9":{"start":{"line":25,"column":12},"end":{"line":25,"column":31}},"10":{"start":{"line":27,"column":8},"end":{"line":27,"column":25}},"11":{"start":{"line":28,"column":8},"end":{"line":28,"column":25}},"12":{"start":{"line":31,"column":4},"end":{"line":49,"column":5}},"13":{"start":{"line":32,"column":8},"end":{"line":36,"column":9}},"14":{"start":{"line":38,"column":8},"end":{"line":48,"column":9}},"15":{"start":{"line":42,"column":38},"end":{"line":42,"column":62}},"16":{"start":{"line":43,"column":38},"end":{"line":43,"column":45}},"17":{"start":{"line":52,"column":22},"end":{"line":62,"column":2}}},"fnMap":{"0":{"name":"Home","decl":{"start":{"line":8,"column":24},"end":{"line":8,"column":28}},"loc":{"start":{"line":8,"column":31},"end":{"line":50,"column":1}},"line":8},"1":{"name":"(anonymous_1)","decl":{"start":{"line":15,"column":14},"end":{"line":15,"column":15}},"loc":{"start":{"line":15,"column":20},"end":{"line":17,"column":5}},"line":15},"2":{"name":"loadListPosts","decl":{"start":{"line":19,"column":19},"end":{"line":19,"column":32}},"loc":{"start":{"line":19,"column":35},"end":{"line":29,"column":5}},"line":19},"3":{"name":"(anonymous_3)","decl":{"start":{"line":42,"column":28},"end":{"line":42,"column":29}},"loc":{"start":{"line":42,"column":38},"end":{"line":42,"column":62}},"line":42},"4":{"name":"(anonymous_4)","decl":{"start":{"line":43,"column":30},"end":{"line":43,"column":31}},"loc":{"start":{"line":43,"column":38},"end":{"line":43,"column":45}},"line":43}},"branchMap":{"0":{"loc":{"start":{"line":22,"column":8},"end":{"line":26,"column":9}},"type":"if","locations":[{"start":{"line":22,"column":8},"end":{"line":26,"column":9}},{"start":{"line":24,"column":15},"end":{"line":26,"column":9}}],"line":22},"1":{"loc":{"start":{"line":31,"column":4},"end":{"line":49,"column":5}},"type":"if","locations":[{"start":{"line":31,"column":4},"end":{"line":49,"column":5}},{"start":{"line":37,"column":11},"end":{"line":49,"column":5}}],"line":31}},"s":{"0":2,"1":2,"2":2,"3":2,"4":2,"5":0,"6":0,"7":0,"8":0,"9":0,"10":0,"11":0,"12":2,"13":2,"14":0,"15":0,"16":0,"17":2},"f":{"0":2,"1":0,"2":0,"3":0,"4":0},"b":{"0":[0,0],"1":[2,0]},"_coverageSchema":"1a1c01bbd47fc00a2c39e90264f33305004495a9","hash":"d51a1d84f550b85a19e0e19161aab7a17a86ca51"}
,"D:\\projetos\\AppTabNews\\src\\home\\HomeService.js": {"path":"D:\\projetos\\AppTabNews\\src\\home\\HomeService.js","statementMap":{"0":{"start":{"line":6,"column":8},"end":{"line":29,"column":9}},"1":{"start":{"line":8,"column":16},"end":{"line":13,"column":22}},"2":{"start":{"line":15,"column":37},"end":{"line":24,"column":14}},"3":{"start":{"line":16,"column":16},"end":{"line":23,"column":17}},"4":{"start":{"line":26,"column":12},"end":{"line":26,"column":72}}},"fnMap":{"0":{"name":"(anonymous_0)","decl":{"start":{"line":5,"column":4},"end":{"line":5,"column":5}},"loc":{"start":{"line":5,"column":31},"end":{"line":30,"column":5}},"line":5},"1":{"name":"(anonymous_1)","decl":{"start":{"line":15,"column":55},"end":{"line":15,"column":56}},"loc":{"start":{"line":15,"column":63},"end":{"line":24,"column":13}},"line":15}},"branchMap":{"0":{"loc":{"start":{"line":5,"column":23},"end":{"line":5,"column":29}},"type":"default-arg","locations":[{"start":{"line":5,"column":28},"end":{"line":5,"column":29}}],"line":5}},"s":{"0":4,"1":4,"2":4,"3":8,"4":4},"f":{"0":4,"1":8},"b":{"0":[4]},"_coverageSchema":"1a1c01bbd47fc00a2c39e90264f33305004495a9","hash":"fa127c41a062c9ad7fe77e6e432afad707e7eb36"}
,"D:\\projetos\\AppTabNews\\src\\home\\publishedAt.js": {"path":"D:\\projetos\\AppTabNews\\src\\home\\publishedAt.js","statementMap":{"0":{"start":{"line":2,"column":4},"end":{"line":2,"column":68}},"1":{"start":{"line":2,"column":22},"end":{"line":2,"column":68}},"2":{"start":{"line":4,"column":4},"end":{"line":6,"column":5}},"3":{"start":{"line":5,"column":8},"end":{"line":5,"column":55}},"4":{"start":{"line":8,"column":28},"end":{"line":14,"column":5}},"5":{"start":{"line":15,"column":26},"end":{"line":21,"column":5}},"6":{"start":{"line":23,"column":18},"end":{"line":23,"column":65}},"7":{"start":{"line":25,"column":4},"end":{"line":27,"column":5}},"8":{"start":{"line":26,"column":8},"end":{"line":26,"column":86}},"9":{"start":{"line":29,"column":4},"end":{"line":31,"column":5}},"10":{"start":{"line":30,"column":8},"end":{"line":30,"column":74}},"11":{"start":{"line":32,"column":4},"end":{"line":35,"column":5}},"12":{"start":{"line":33,"column":20},"end":{"line":33,"column":43}},"13":{"start":{"line":34,"column":8},"end":{"line":34,"column":67}},"14":{"start":{"line":37,"column":15},"end":{"line":37,"column":49}},"15":{"start":{"line":39,"column":4},"end":{"line":39,"column":58}}},"fnMap":{"0":{"name":"publishedAt","decl":{"start":{"line":1,"column":16},"end":{"line":1,"column":27}},"loc":{"start":{"line":1,"column":67},"end":{"line":40,"column":1}},"line":1}},"branchMap":{"0":{"loc":{"start":{"line":1,"column":42},"end":{"line":1,"column":65}},"type":"default-arg","locations":[{"start":{"line":1,"column":55},"end":{"line":1,"column":65}}],"line":1},"1":{"loc":{"start":{"line":2,"column":4},"end":{"line":2,"column":68}},"type":"if","locations":[{"start":{"line":2,"column":4},"end":{"line":2,"column":68}},{"start":{},"end":{}}],"line":2},"2":{"loc":{"start":{"line":4,"column":4},"end":{"line":6,"column":5}},"type":"if","locations":[{"start":{"line":4,"column":4},"end":{"line":6,"column":5}},{"start":{},"end":{}}],"line":4},"3":{"loc":{"start":{"line":4,"column":10},"end":{"line":4,"column":68}},"type":"binary-expr","locations":[{"start":{"line":4,"column":10},"end":{"line":4,"column":38}},{"start":{"line":4,"column":42},"end":{"line":4,"column":68}}],"line":4},"4":{"loc":{"start":{"line":25,"column":4},"end":{"line":27,"column":5}},"type":"if","locations":[{"start":{"line":25,"column":4},"end":{"line":27,"column":5}},{"start":{},"end":{}}],"line":25},"5":{"loc":{"start":{"line":29,"column":4},"end":{"line":31,"column":5}},"type":"if","locations":[{"start":{"line":29,"column":4},"end":{"line":31,"column":5}},{"start":{},"end":{}}],"line":29},"6":{"loc":{"start":{"line":30,"column":28},"end":{"line":30,"column":65}},"type":"cond-expr","locations":[{"start":{"line":30,"column":41},"end":{"line":30,"column":52}},{"start":{"line":30,"column":55},"end":{"line":30,"column":65}}],"line":30},"7":{"loc":{"start":{"line":32,"column":4},"end":{"line":35,"column":5}},"type":"if","locations":[{"start":{"line":32,"column":4},"end":{"line":35,"column":5}},{"start":{},"end":{}}],"line":32},"8":{"loc":{"start":{"line":34,"column":27},"end":{"line":34,"column":57}},"type":"cond-expr","locations":[{"start":{"line":34,"column":39},"end":{"line":34,"column":47}},{"start":{"line":34,"column":50},"end":{"line":34,"column":57}}],"line":34},"9":{"loc":{"start":{"line":39,"column":22},"end":{"line":39,"column":48}},"type":"cond-expr","locations":[{"start":{"line":39,"column":34},"end":{"line":39,"column":40}},{"start":{"line":39,"column":43},"end":{"line":39,"column":48}}],"line":39}},"s":{"0":15,"1":1,"2":14,"3":1,"4":13,"5":13,"6":13,"7":13,"8":1,"9":12,"10":2,"11":10,"12":1,"13":1,"14":9,"15":9},"f":{"0":15},"b":{"0":[10],"1":[1,14],"2":[1,13],"3":[14,13],"4":[1,12],"5":[2,10],"6":[0,2],"7":[1,9],"8":[0,1],"9":[8,1]},"_coverageSchema":"1a1c01bbd47fc00a2c39e90264f33305004495a9","hash":"db271fa0d31af797e4b9ea705e42fe392f64e793"}
,"D:\\projetos\\AppTabNews\\src\\home\\components\\Footer.tsx": {"path":"D:\\projetos\\AppTabNews\\src\\home\\components\\Footer.tsx","statementMap":{"0":{"start":{"line":5,"column":4},"end":{"line":11,"column":5}},"1":{"start":{"line":6,"column":8},"end":{"line":10,"column":10}},"2":{"start":{"line":14,"column":22},"end":{"line":18,"column":2}}},"fnMap":{"0":{"name":"Footer","decl":{"start":{"line":4,"column":16},"end":{"line":4,"column":22}},"loc":{"start":{"line":4,"column":59},"end":{"line":12,"column":1}},"line":4}},"branchMap":{"0":{"loc":{"start":{"line":5,"column":4},"end":{"line":11,"column":5}},"type":"if","locations":[{"start":{"line":5,"column":4},"end":{"line":11,"column":5}},{"start":{},"end":{}}],"line":5}},"s":{"0":1,"1":1,"2":3},"f":{"0":1},"b":{"0":[1,0]},"_coverageSchema":"1a1c01bbd47fc00a2c39e90264f33305004495a9","hash":"11a558674576bb3b05a7405f5c49d65bcc0e7be6"}
,"D:\\projetos\\AppTabNews\\src\\home\\components\\LinkPost.tsx": {"path":"D:\\projetos\\AppTabNews\\src\\home\\components\\LinkPost.tsx","statementMap":{"0":{"start":{"line":5,"column":66},"end":{"line":5,"column":75}},"1":{"start":{"line":7,"column":4},"end":{"line":19,"column":5}},"2":{"start":{"line":22,"column":15},"end":{"line":39,"column":2}}},"fnMap":{"0":{"name":"LinkPost","decl":{"start":{"line":4,"column":24},"end":{"line":4,"column":32}},"loc":{"start":{"line":4,"column":71},"end":{"line":20,"column":1}},"line":4}},"branchMap":{},"s":{"0":1,"1":1,"2":3},"f":{"0":1},"b":{},"_coverageSchema":"1a1c01bbd47fc00a2c39e90264f33305004495a9","hash":"dddb3f5bc44000a0449a8b7fcebd47e0948cf671"}
}
