TN:
SF:App.tsx
FN:10,App
FN:15,(anonymous_1)
FNF:2
FNH:2
FNDA:1,App
FNDA:1,(anonymous_1)
DA:8,1
DA:11,1
DA:15,1
LF:3
LH:3
BRF:0
BRH:0
end_of_record
TN:
SF:LogoTitle.tsx
FN:3,LogoTitle
FNF:1
FNH:1
FNDA:1,LogoTitle
DA:4,1
DA:14,1
LF:2
LH:2
BRF:0
BRH:0
end_of_record
TN:
SF:assets\logoHeader.png
FNF:0
FNH:0
DA:1,1
LF:1
LH:1
BRF:0
BRH:0
end_of_record
TN:
SF:src\home\Home.tsx
FN:8,Home
FN:15,(anonymous_1)
FN:19,loadListPosts
FN:42,(anonymous_3)
FN:43,(anonymous_4)
FNF:5
FNH:1
FNDA:2,Home
FNDA:0,(anonymous_1)
FNDA:0,loadListPosts
FNDA:0,(anonymous_3)
FNDA:0,(anonymous_4)
DA:9,2
DA:11,2
DA:12,2
DA:13,2
DA:15,2
DA:16,0
DA:20,0
DA:22,0
DA:23,0
DA:25,0
DA:27,0
DA:28,0
DA:31,2
DA:32,2
DA:38,0
DA:42,0
DA:43,0
DA:52,2
LF:18
LH:8
BRDA:22,0,0,0
BRDA:22,0,1,0
BRDA:31,1,0,2
BRDA:31,1,1,0
BRF:4
BRH:1
end_of_record
TN:
SF:src\home\HomeService.js
FN:5,(anonymous_0)
FN:15,(anonymous_1)
FNF:2
FNH:2
FNDA:4,(anonymous_0)
FNDA:8,(anonymous_1)
DA:6,4
DA:8,4
DA:15,4
DA:16,8
DA:26,4
LF:5
LH:5
BRDA:5,0,0,4
BRF:1
BRH:1
end_of_record
TN:
SF:src\home\publishedAt.js
FN:1,publishedAt
FNF:1
FNH:1
FNDA:15,publishedAt
DA:2,15
DA:4,14
DA:5,1
DA:8,13
DA:15,13
DA:23,13
DA:25,13
DA:26,1
DA:29,12
DA:30,2
DA:32,10
DA:33,1
DA:34,1
DA:37,9
DA:39,9
LF:15
LH:15
BRDA:1,0,0,10
BRDA:2,1,0,1
BRDA:2,1,1,14
BRDA:4,2,0,1
BRDA:4,2,1,13
BRDA:4,3,0,14
BRDA:4,3,1,13
BRDA:25,4,0,1
BRDA:25,4,1,12
BRDA:29,5,0,2
BRDA:29,5,1,10
BRDA:30,6,0,0
BRDA:30,6,1,2
BRDA:32,7,0,1
BRDA:32,7,1,9
BRDA:34,8,0,0
BRDA:34,8,1,1
BRDA:39,9,0,8
BRDA:39,9,1,1
BRF:19
BRH:17
end_of_record
TN:
SF:src\home\components\Footer.tsx
FN:4,Footer
FNF:1
FNH:1
FNDA:1,Footer
DA:5,1
DA:6,1
DA:14,3
LF:3
LH:3
BRDA:5,0,0,1
BRDA:5,0,1,0
BRF:2
BRH:1
end_of_record
TN:
SF:src\home\components\LinkPost.tsx
FN:4,LinkPost
FNF:1
FNH:1
FNDA:1,LinkPost
DA:5,1
DA:7,1
DA:22,3
LF:3
LH:3
BRF:0
BRH:0
end_of_record
